<?xml version="1.0" encoding="UTF-8"?>
<testsuites>
  <testsuite name="fastlane.lanes">
    
    
    
      
      <testcase classname="fastlane.lanes" name="0: Verifying required fastlane version" time="0.001356">
        
      </testcase>
    
      
      <testcase classname="fastlane.lanes" name="1: default_platform" time="0.000841">
        
      </testcase>
    
      
      <testcase classname="fastlane.lanes" name="2: gradle" time="12.71727">
        
          <failure message="/Library/Ruby/Gems/2.0.0/gems/fastlane-2.47.0/fastlane/lib/fastlane/actions/actions_helper.rb:48:in `execute_action'&#10;/Library/Ruby/Gems/2.0.0/gems/fastlane-2.47.0/fastlane/lib/fastlane/runner.rb:230:in `block in execute_action'&#10;/Library/Ruby/Gems/2.0.0/gems/fastlane-2.47.0/fastlane/lib/fastlane/runner.rb:226:in `chdir'&#10;/Library/Ruby/Gems/2.0.0/gems/fastlane-2.47.0/fastlane/lib/fastlane/runner.rb:226:in `execute_action'&#10;/Library/Ruby/Gems/2.0.0/gems/fastlane-2.47.0/fastlane/lib/fastlane/runner.rb:148:in `trigger_action_by_name'&#10;/Library/Ruby/Gems/2.0.0/gems/fastlane-2.47.0/fastlane/lib/fastlane/fast_file.rb:146:in `method_missing'&#10;Fastfile:27:in `block (2 levels) in parsing_binding'&#10;/Library/Ruby/Gems/2.0.0/gems/fastlane-2.47.0/fastlane/lib/fastlane/lane.rb:33:in `call'&#10;/Library/Ruby/Gems/2.0.0/gems/fastlane-2.47.0/fastlane/lib/fastlane/lane.rb:33:in `call'&#10;/Library/Ruby/Gems/2.0.0/gems/fastlane-2.47.0/fastlane/lib/fastlane/runner.rb:49:in `block in execute'&#10;/Library/Ruby/Gems/2.0.0/gems/fastlane-2.47.0/fastlane/lib/fastlane/runner.rb:45:in `chdir'&#10;/Library/Ruby/Gems/2.0.0/gems/fastlane-2.47.0/fastlane/lib/fastlane/runner.rb:45:in `execute'&#10;/Library/Ruby/Gems/2.0.0/gems/fastlane-2.47.0/fastlane/lib/fastlane/lane_manager.rb:52:in `cruise_lane'&#10;/Library/Ruby/Gems/2.0.0/gems/fastlane-2.47.0/fastlane/lib/fastlane/command_line_handler.rb:30:in `handle'&#10;/Library/Ruby/Gems/2.0.0/gems/fastlane-2.47.0/fastlane/lib/fastlane/commands_generator.rb:104:in `block (2 levels) in run'&#10;/Library/Ruby/Gems/2.0.0/gems/commander-fastlane-4.4.5/lib/commander/command.rb:178:in `call'&#10;/Library/Ruby/Gems/2.0.0/gems/commander-fastlane-4.4.5/lib/commander/command.rb:178:in `call'&#10;/Library/Ruby/Gems/2.0.0/gems/commander-fastlane-4.4.5/lib/commander/command.rb:153:in `run'&#10;/Library/Ruby/Gems/2.0.0/gems/commander-fastlane-4.4.5/lib/commander/runner.rb:476:in `run_active_command'&#10;/Library/Ruby/Gems/2.0.0/gems/fastlane-2.47.0/fastlane_core/lib/fastlane_core/ui/fastlane_runner.rb:64:in `run!'&#10;/Library/Ruby/Gems/2.0.0/gems/commander-fastlane-4.4.5/lib/commander/delegates.rb:15:in `run!'&#10;/Library/Ruby/Gems/2.0.0/gems/fastlane-2.47.0/fastlane/lib/fastlane/commands_generator.rb:303:in `run'&#10;/Library/Ruby/Gems/2.0.0/gems/fastlane-2.47.0/fastlane/lib/fastlane/commands_generator.rb:42:in `start'&#10;/Library/Ruby/Gems/2.0.0/gems/fastlane-2.47.0/fastlane/lib/fastlane/cli_tools_distributor.rb:66:in `take_off'&#10;/Library/Ruby/Gems/2.0.0/gems/fastlane-2.47.0/bin/fastlane:20:in `&lt;top (required)&gt;'&#10;/usr/local/bin/fastlane:23:in `load'&#10;/usr/local/bin/fastlane:23:in `&lt;top (required)&gt;'&#10;/Library/Ruby/Gems/2.0.0/gems/bundler-1.15.2/lib/bundler/cli/exec.rb:74:in `load'&#10;/Library/Ruby/Gems/2.0.0/gems/bundler-1.15.2/lib/bundler/cli/exec.rb:74:in `kernel_load'&#10;/Library/Ruby/Gems/2.0.0/gems/bundler-1.15.2/lib/bundler/cli/exec.rb:27:in `run'&#10;/Library/Ruby/Gems/2.0.0/gems/bundler-1.15.2/lib/bundler/cli.rb:360:in `exec'&#10;/Library/Ruby/Gems/2.0.0/gems/bundler-1.15.2/lib/bundler/vendor/thor/lib/thor/command.rb:27:in `run'&#10;/Library/Ruby/Gems/2.0.0/gems/bundler-1.15.2/lib/bundler/vendor/thor/lib/thor/invocation.rb:126:in `invoke_command'&#10;/Library/Ruby/Gems/2.0.0/gems/bundler-1.15.2/lib/bundler/vendor/thor/lib/thor.rb:369:in `dispatch'&#10;/Library/Ruby/Gems/2.0.0/gems/bundler-1.15.2/lib/bundler/cli.rb:20:in `dispatch'&#10;/Library/Ruby/Gems/2.0.0/gems/bundler-1.15.2/lib/bundler/vendor/thor/lib/thor/base.rb:444:in `start'&#10;/Library/Ruby/Gems/2.0.0/gems/bundler-1.15.2/lib/bundler/cli.rb:10:in `start'&#10;/Library/Ruby/Gems/2.0.0/gems/bundler-1.15.2/exe/bundle:30:in `block in &lt;top (required)&gt;'&#10;/Library/Ruby/Gems/2.0.0/gems/bundler-1.15.2/lib/bundler/friendly_errors.rb:121:in `with_friendly_errors'&#10;/Library/Ruby/Gems/2.0.0/gems/bundler-1.15.2/exe/bundle:22:in `&lt;top (required)&gt;'&#10;/usr/local/bin/bundle:23:in `load'&#10;/usr/local/bin/bundle:23:in `&lt;main&gt;'&#10;&#10;Exit status of command '/Users/admin/Industrialisation/Fastlane/ReactNativeSample/android/gradlew clean assembleRelease -p .' was 1 instead of 0.&#10;&#10;FAILURE: Build failed with an exception.&#10;&#10;* Where:&#10;Build file '/Users/admin/Industrialisation/Fastlane/ReactNativeSample/android/build.gradle' line: 27&#10;&#10;* What went wrong:&#10;A problem occurred evaluating root project 'ReactNativeSample'.&#10;&gt; Could not find method signingConfigs() for arguments [build_2jtbayg9wll6a1ihaq8s7lzh1$_run_closure2@31e76a8d] on root project 'ReactNativeSample' of type org.gradle.api.Project.&#10;&#10;* Try:&#10;Run with --stacktrace option to get the stack trace. Run with --info or --debug option to get more log output.&#10;&#10;BUILD FAILED&#10;&#10;Total time: 11.549 secs&#10;" />
        
      </testcase>
    
  </testsuite>
</testsuites>
